,
,
,
4,302,160:NN
portals
's
intervention:NN
's
intervention:NN
large-scale:JJ
intervention:NN
's
dispatch:VV
brigadier:NP
richards:NP
-lrb-
-rrb-
evacuate:VV
revolutionary:NP
-lrb-
ruf:NP
-rrb-
's
,
-lrb-
sla:NP
-rrb-
ruf:NP
,
lungi:NP
sla:NP
confrontations
ruf:NP
,
patrol:NN
captive:NN
as:IN
negotiations
;
,
,
ruf:NP
disarm:VV
exert:VV
supporter:NN
's
vindicate:VV
,
high-readiness:NN
-lrb-
...
-rrb-
lactarius:NP
indigo:NN
"
"
–:NP
lactarius:NP
indigo:NN
–:VV
boden:NP
,
...
's
feria:NP
chapultepec:NP
mágico:NP
montaña:NP
rusa:NP
...
feria:NP
chapultepec:NP
mágico:NP
-lrb-
-rrb-
amusement:NN
'
s
tallest:IN
roller:NN
coaster:NN
,
montaña:NP
rusa:NP
ny:NP
dag:NP
knut:NP
olsson:NP
...
ny:NP
dag:NP
knut:NP
olsson:NP
ådalen:NP
keen:NP
kutter:NP
...
keen:NP
kutter:NP
keen:NP
kutter:NP
gotham:NP
bee:NP
...
despite:IN
,
gotham:NP
bee:NP
terry:NP
mcdaniel:NP
...
terry:NP
mcdaniel:NP
,
nfl:NP
cornerback:NN
,
's
championships
100-meter:JJ
200-meter:JJ
dashes
malaconotoidea:NN
...
bushshrikes
,
helmetshrikes
,
ioras:NP
,
vangas:NN
woodswallows
shrike-like:JJ
songbirds
as:IN
malaconotoidea:NP
...
pub:NN
sight:NN
amidst:IN
,
kick:VV
drovers
'
travelling:NN
kent:NP
across:IN
jeff:NP
bezos:NP
(pictured):NN
performance-enhancing:JJ
enele:NP
sopoaga:NP
aquatics:NP
championships:NP
,
missy:NP
re-elected:NN
recent deaths:NN
,
brumbies
championship:NN
...
feast:JJ
1270:NN
yekuno:NP
amlak:NP
zagwe:NP
imperial:JJ
throne:NN
solomonic:JJ
1793:NN
louvre:NP
(pictured):NN
1861:NN
mississippi:NP
's
1953:NN
indochina:NP
camargue:NP
minh:NP
1988:NN
internment:NN
liberties:NP
reparations:NN
anniversaries
,
-lrb-
-rrb-
–:NN
's
averbode:NP
abbey:NP
premonstratensian:NN
archdiocese:NP
mechelen-brussels:NP
nude:NP
maja:NP
clothed:NP
maja:NP
–:NP
dragonfly:NP
–:NP
,
bibury:NP
portal:NN
desk:NN
desk:NN
pump:NN
's
wikimedia:NP
,
mediawiki:NN
meta-wiki:NN
wikibooks:NN
wikidata:NN
wikinews:NN
wikiquote:NN
wikisource:NN
wikispecies:NN
wikiversity:NN
wikivoyage:NN
wiktionary:NN
-lrb-
-rrb-
,
;
deutsch:NN
español:NN
français:NN
italiano:NN
nederlands:NN
???????:NN
svenska:NN
català:NN
???:NN
polski:NN
português:NN
ti:NP
?ng:NP
vi:NP
?t:VV
??????????:NN
??:NN
???????:NN
bahasa:NP
bahasa:NP
melayu:NP
cesky:NN
?????:NN
???:NN
magyar:NN
norsk:JJ
bokm:NN
ål:NN
româna:NN
suomi:NN
türkçe:NN
?????????:NN
dansk:NN
eesti:NN
e???????:NN
-lrb-
-rrb-
euskara:NN
galego:NN
?????:NN
hrvatski:NN
lietuviu:NN
norsk:JJ
nynorsk:NN
slovencina:NN
slovenšcina:NN
??????:NN
/:VV
srpski:NN
srpskohrvatski:NN
/:VV
??????????????:NN
???:NN
"
.wikipedia:NP
.org/w/index:NN
.php:NN
title=main_page&oldid=560327612:NN
"
namespaces:NN
portal:NN
toolbox:NN
cite:NP
print/export:NN
as:IN
???????:NN
bahasa:NP
bahasa:NP
melayu:NP
?????????:NN
català:NN
cesky:NN
dansk:NN
deutsch:NN
eesti:NN
e???????:NN
español:NN
euskara:NN
?????:NN
français:NN
galego:NN
???:NN
?????:NN
hrvatski:NN
italiano:NN
lietuviu:NN
magyar:NN
nederlands:NN
???:NN
norsk:NP
bokm:NN
ål:NN
norsk:NP
nynorsk:NN
polski:NN
português:NN
româna:NN
???????:NN
slovencina:NN
slovenšcina:NN
??????:NN
/:VV
srpski:NN
srpskohrvatski:NP
/:NP
??????????????:VV
suomi:NN
svenska:NN
???:NN
ti:NP
?ng:NP
vi:NP
?t:VV
türkçe:NN
??????????:NN
??:NN
attribution-sharealike:JJ
;
,
p:NP
olicy:NN
wikipedia®:NP
trademark:NN
wikimedia:NP
,
,
disclaimers:NN
wikimedia
exert:NN
$1:IN
$2:NP
rubish:JJ
rubis
screen-reader:NN
+you:NN
orkut:NN
×:NN
chrome:NP
.co.in:NP
marathi:NP
advertising programs:NN
&amp;:VV
+google:NN
+you:NN
orkut:NN
screen-reader:NN
redirect:VV
near…:RB
near…:RB
arghya:NP
biswas:NP
.facebook:VV
.com/:NN
arghya:NN
biswas
arghya:NP
biswas:NP
arghya:NP
biswas:NP
arghya:NP
biswas:NP
.facebook:VV
.com/public/:NN
arghya:NP
biswas:NP
arghya:NP
biswas:NP
arghya
biswas
offensive:JJ
arghya:NP
biswas:NP
.linkedin:NP
.com/pub/dir/:NP
arghya:NP
biswas:NP
linkedin:NP
arghya:NP
biswas:NP
arghya:NP
biswas:NP
arghya:NP
biswas:NP
.linkedin:NP
.com/in/:NP
biswasarghya:NN
linkedin:NP
arghya:NP
biswas:NP
arghya
biswas
.linkedin:NP
.com/pub/:NP
arghya
-
biswas
/28/913/797:VV
-
?system:JJ
siemens:NP
ltd:NP
arghya:VV
biswas
linkedin:NP
linkedin:NP
arghya
biswas
arghya:NP
biswas:NP
www:NN
slideshare:NN
.net/:VV
arghyabiswas:NN
arghya:NP
biswas:NP
arghya:NP
biswas:NP
…:NN
slideshare:NN
·:IN
arghya:NP
biswas:NP
www:JJ
.brainwaretechnologies
.org/.../:VV
arghya:NP
_:NP
biswas:NP
hobbies
chatting:NP
gossiping:NP
pastime:NN
chatting:VV
.........
....
arghya:NP
biswas:NP
www:JJ
.wayn:JJ
.com/profiles/:NN
arghyabiswas
arghya:NP
year-old:JJ
arghya:NP
biswas:NP
www:JJ
.researchgate:NN
.net/profile/:NN
arghya:NP
_:VV
biswas:NP
»:VV
arghya:NP
biswas:NP
pharmacy:NP
hcl:NP
u1:NP
unpacking:NN
arghya:NP
biswas:NP
? 2:34
? 2:34
&amp;
ad:NN
google’sads:NP
settingsto:TO
ad:NN
arghya
biswas
ad:NN
google’sads:NP
settingsto:TO
arghya:NP
biswas:NP
www
.ask:VV
.com/
arghya:NP
+:VV
biswas:NP
ad:NN
arghya:NP
biswas
.com:NN
.?:NN
1:NN
2:NN
3:NN
4:NN
5:NN
6:NN
7:NN
8:NN
9:NN
10:NN
google home:NN
advertising programs:NN
&amp;:VV
ual:NP
????????:NP
???:NP
?:NP
??:NP
??:NP
?????:NP
?:NP
>:VV
??:NP
?????:NP
?:NP
????????:NP
???:NP
?:NP
??:NP
>:VV
be
to_not:TO
how good
how good
how good
how good
how good
pacific:NP
ii:NP
pacific:NP
ii:NP
pacific:NP
ii:NP
pacific:NP
ii:NP
pacific:NP
ii:NP
pacific:NP
ii:NP
pacific:NP
ii:NP
pacific:NP
ii:NP
pacific:NP
ii:NP
pacific:NP
ii:NP
pacific:NP
ii:NP
pacific:NP
ii:NP
pacific:NP
ii:NP
pacific:NP
ii:NP
pacific:NP
ii:NP
pacific:NP
pacific:NP
pacific:NP
pacific:NP
pacific:NP
ii:NP
engagement:NN
navy:NP
pacific:NP
ii:NP
engagement:NN
navy:NP
imperial:NP
navy:NP
guadalcanal:NP
coral:NP
midway:NP
adversaries
coral:NP
midway:NP
adversaries
lu:NP
ís:NP
alves:NP
e:NN
silva:NP
duke:NP
caxias:NP
monarchist:NN
loyal:JJ
dom:NP
pedro:NP
dom:NP
pedro:NP
ii:NP
instructor:NN
swordsmanship:NN
horsemanship:NN
recommissions:VV
wide-field:NP
asteroids
recommissions:VV
wide-field:NP
asteroids
flooding:VV
northeastern:JJ
bales:NP
parole:NN
sixteen:CD
kandahar:NP
bales:NP
parole:NN
sixteen:CD
kandahar:NP
bales:NP
parole:NN
sixteen:CD
kandahar:NP
cosm:NN
ology:NN
hypothesized:VV
cosm:NN
ology:NN
hypothesized:VV
hypothesized:VV
bang:NP
nucleosynthesis:NN
observed:JJ
abundance:NN
,[:VV
]
baryonic:JJ
substantially:RB
ovum:NN
partner:NN
sperm:NN
freeze:VV
thaw:VV
sperm:NN
sperm:NN
quarantined:JJ
frozen:JJ
thaw:VV
sperm:NN
woma:NN
n’s:NN
womb:NN
ovulation:NN
ovary:NN
sperm:NN
woma:NN
n’s:NN
womb:NN
sperm:NN
woma:NN
n’s:NN
womb:NN
aside:RB
laier:RB
froad:NN
aside:RB
ld:VV
told:TO
told:TO
told:TO
ld:VV
told:TO
told:TO
told:TO
told:TO
told:TO
told:TO
told:TO
told:TO
told:TO
told:TO
told:TO
told:TO
told:TO
told:TO
told:TO
ual:NP
?:NP
????:NP
??????:NP
?:NP
???:NP
???:NP
?:NP
?????:NP
??:NP
?>:NP
?:NN
????
????:JJ
?:NN
???:IN
???:NP
?:NP
?????:NP
??:NP
?>:NP
told:TO
told:TO
told:TO
(to)ld:TO
(to)ld:TO
aside:RB
ld:VV
ld:VV
aside:RB
aside:RB
aside:RB
aside:RB
ld:VV
ld:VV
ld:VV
told:TO
told:TO
told:TO
ld:VV
told:TO
told:TO
told:TO
told:TO
told:TO
told:TO
told:TO
told:TO
told:TO
told:TO
told:TO
told:TO
told:TO
told:TO
told:TO
ware:NN
ld:VV
ld:VV
ld:VV
ld:VV
ld:VV
ld:VV
 :RB
 :RB
 :RB
 :JJ
 :JJ
 :JJ
 :RB
 :JJ
ld:VV
ld:VV
 :RB
 :TO
 :IN
 :IN
 :IN
 :IN
 :IN
 :IN
 :RB
 :JJ
 :JJ
 :JJ
 :RB
 :JJ
 :IN
 :IN
 :RB
 :IN
 :TO
 :IN
 :IN
 :RB
 :IN
 :RB
 :IN
 
 :IN
 :NN
 :IN
 are:VV
 were:VV
 does:VV
 do:VV
 do:VV
 :RB
 :JJ
 :JJ
 :JJ
 :RB
 :JJ
 to:TO
 to:TO
 to:TO
 to:TO
 are:VV
 are:VV
 were:VV
 were:VV
 were:VV
 are:VV
 are:VV
 are:VV
 :TO
 :IN
 :IN
 :RB
 :IN
 :RB
 :IN
 
 :IN
 :NN
 :IN
 :RB
 :JJ
 :JJ
 :JJ
 :RB
 :JJ
 :RB
 :RB
 :RB
 :RB
 :RB
 :RB
 :RB
 :NN
 :IN
 :NN
 :IN
 :NN
 :IN
 :IN
 :TO
 :IN
 :IN
 :RB
 :IN
 :RB
 :IN
 
 :IN
 :IN
 :RB
 :JJ
 :JJ
 :JJ
 :RB
 :JJ
 :RB
 :RB
 :RB
 :JJ
 :JJ
 :TO
 :IN
 :IN
 :RB
 :IN
 :RB
 :IN
 
 :IN
 :IN
 :RB
 :JJ
 :JJ
 :JJ
 :RB
 :JJ
 :RB
 :JJ
 :JJ
 :JJ
 :JJ
 
 
 :TO
 :IN
 :IN
 :RB
 :IN
 :RB
 :IN
 
 :IN
 :IN
 :RB
 :RB
 :RB
 :RB
 :TO
 :IN
 :IN
 :RB
 :IN
 :RB
 :IN
 
 :IN
 :IN
 :RB
 :TO
 :IN
 :IN
 :RB
 :IN
 :RB
 :IN
 
 :IN
 :IN
 :RB
 :TO
 :IN
 :IN
 :RB
 :IN
 :RB
 :IN
 
 :IN
 :IN
 :RB
 :TO
 :IN
 :IN
 :RB
 :IN
 :RB
 :IN
 
 :IN
 :IN
 :RB
aside:RB
 :RB
 :IN
 :TO
 :IN
 :IN
 :RB
 :IN
 :RB
 :IN
 
 :IN
 :IN
 :RB
 :RB
 :IN
 :RB
 :IN
 :RB
 :IN
 :RB
 :IN
 :RB
 :IN
 :RB
 :IN
 :RB
 :IN
[
]
 :RB
 :IN
[
]
 :RB
 :IN
 :RB
 :IN
 :RB
 :IN
-lcb-
-rcb-
 :RB
 :IN
-lcb-
-rcb-
 :RB
 :IN
-quot-
-quot-
 :RB
 :IN
-quot-
-quot-
 :RB
 :IN
-quot-
-quot-
 :RB
 :IN
-squot-cat
-squot-
 :RB
 :IN
-squot-cat
-squot-
 :RB
 :IN
-squot-cat
-squot-
 :TO
 :IN
 :IN
 :RB
 :IN
 :RB
 :IN
 
 :IN
 :IN
 :RB
 :RB
 :IN
-squot-cat
-squot-
 :RB
 :IN
 :RB
 :IN
bubu:NN
bubu:NN
pacific:NP
pacific:NP
pacific:NP
????????:JJ
???????:NN
 :TO
 :IN
 :IN
 :RB
 :IN
 :RB
 :IN
 
 :IN
 :IN
computing:NN
abbreviated:JJ
regex:NN
regexp:NN
-quot-
replace-quot--like:JJ
arise:VV
mathematician:NN
kleene:NP
formalize:VV
ed:VV
grep:NN
computing:NN
abbreviated:JJ
regex:NN
regexp:NN
-quot-
replace-quot--like:JJ
arise:VV
mathematician:NN
kleene:NP
formalize:VV
ed:VV
grep:NN
computing:NN
abbreviated:JJ
regex:NN
regexp:NN
-quot-
replace-quot--like:JJ
arise:VV
mathematician:NN
kleene:NP
formalize:VV
ed:VV
grep:NN
computing:NN
abbreviated:JJ
regex:NN
regexp:NN
-quot-
replace-quot--like:JJ
arise:VV
mathematician:NN
kleene:NP
formalize:VV
ed:VV
grep:NN
computing:NN
abbreviated:JJ
regex:NN
regexp:NN
-quot-
replace-quot--li_eoperations
arise:VV
mathematician:NN
kleene:NP
formali_e:IN
ed:VV
grep:NN
metacharacter:NN
li_eal:JJ
metacharacter:NN
li_eal:JJ
metacharacter:NN
li_eal:JJ
metacharacter:NN
li_eal:JJ
metacharacter:NN
li_eal:JJ
metacharacter:NN
li_eal:JJ
metacharacter:NN
li_eal:JJ
metacharacter:NN
li_eal:JJ
metacharacter:NN
li_eal:JJ
metacharacter:NN
li_eal:JJ
metacharacter:NN
li_eal:JJ
metacharacter:NN
li_eal:JJ
metacharacter:NN
literal:JJ
arghya:NN
metacharacter:NN
literal:JJ
arghya:NN
metacharacter:NN
literal:JJ
arghya:NN
metacharacter:NN
literal:JJ
metacharacter:NN
literal:JJ
regular_expression:NN
metacharacter:NN
literal:JJ
escape:VV
ere:NP
precede:VV
ab?:IN
-quot-
ac:NN
-quot-
-quot-
-quot-
 :TO
 :IN
 :IN
 :RB
 :IN
 :RB
 :IN
 
 :IN
 :IN
 :RB
4,321,812:NN
-squot-s
progressive:JJ
floyd:NP
bassist:NN
syd:NP
barrett:NP
lyricist:NN
synthesisers:NN
rhythm:NN
guitar:NN
live 8:NN
ça
ira:NP
landing:NN
nadzab:NP
–:NP
–:NP
inglis:NP
-squot-s
corral:NP
comedias:NP
almagro:NP
corral:NP
comedias:NP
almagro:NP
renovation:NN
pictur:NN
ed:VV
elaine:NP
elaine:NP
renovation:NN
housing:NN
personnel
ranking:JJ
armed:NP
two-star:JJ
candida:NP
keroseneae:NN
yeast:NN
candida:NP
keroseneae:NN
airplane:NN
testimony:NN
morgenthau:NP
testimony:NN
-quot-
-quot-
thames:NP
-quot-
thames:NP
-quot-
hyposwiss:NP
hyposwiss:NP
reappointed:VV
plead:VV
laundering:NN
diana:NP
nyad:NP
florida:NN
shark:NN
cage:NN
verizon:NP
vodafone:NN
verizon:NP
seamus:NP
heaney:NP
winner:NN
seamus:NP
heaney:NP
-squot-s
ronald:NP
coase:NP
frederik:NP
pohl:NP
frost:NP
1901:NN
mckinley:NP
fatally:RB
leon:NP
czolgosz:NP
pan-american:JJ
exposition:NP
1943:NN
monterrey:NN
monterrey:NP
1955:NN
attacked:NN
1963:NN
victor:NP
krulak:NP
kennedy:NP
ngo:NP
dinh:NP
diem:NP
buddhist:NP
xa:NP
loi:NP
pagoda:NP
raids
2000:NN
5–:VV
–:NN
-squot-s
fumihiko:NP
maki:NP
pritzker:NP
jean-baptiste:NP
labrune:NP
tewkesbury:NP
–:NP
yellow-nosed:NP
–:NP
cudgels
-squot-s
español:NN
français:NN
???????:NN
deutschespañolfrançaisitalianonederlands???????:NP
català:NN
???:NN
português:NN
?ng:NP
?t:VV
??????????:NN
??:NN
català???polskiportuguêsti?ng:NN
?t????????????:NP
???????:NN
cesky:NN
?????:NN
???:NN
ål:NN
româna:NN
türkçe:NN
???????bahasa:NP
indonesiabahasa:NP
melayucesky????????magyarnorsk:NP
ålromânasuomitürkçe:NN
?????????:NN
e???????:NN
?????:NN
lietuviu:NN
slovencina:NN
slovenšcina:NN
??????:NN
??????????????:NN
???:NN
?????????danskeestie???????english:JJ
esperantoeuskaragalego?????hrvatskilietuviunorsk:NP
nynorskslovencinaslovenšcina??????:NN
/:IN
srpskisrpskohrvatski:JJ
/:JJ
?????????????????:NN
-quot-
-quot-
???????:NN
?????????:NN
català:NN
cesky:NN
e???????:NN
español:NN
?????:NN
français:NN
???:NN
?????:NN
lietuviu:NN
???:NN
ål:NN
português:NN
româna:NN
???????:NN
slovencina:NN
slovenšcina:NN
??????:NN
??????????????:VV
???:NN
?ng:NP
?t:VV
türkçe:NN
??????????:NN
??:NN
55
wikipedia®:NP
screen-reader:NN
+you:NN
orkut:NN
-squot-m:VV
×:NN
chrome:NP
.co.in:NP
marathi:NP
advertising programs:NN
&amp;:VV
+google:NN
overcome:VV
-squot-s
immune:JJ
partner:NN
-squot-s
sperm:NN
invading:NN
overcome:VV
-squot-s
immune:JJ
partner:NN
-squot-s
sperm:NN
invading:NN
overcome:VV
-squot-s
immune:JJ
partner:NN
-squot-s
sperm:NN
invading:NN
overcome:VV
-squot-s
immune:JJ
partner:NN
-squot-s
sperm:NN
invading:NN
4,527,662:NN
-squot-s
davis:NP
confederate:NP
mexican–american:NP
secession:NN
confederate:NP
rise:NN
confederate:NP
4,527,662:NN
-squot-s
davis:NP
confederate:NP
mexican–american:NP
secession:NN
confederate:NP
rise:NN
confederate:NP
sovan:NP
sovan:NN
sovan:NN
simpsons:NP
simpsons
silverman:NP
cast:NN
dan:NP
castellaneta:NP
julie:NP
kavner:NP
nancy:NP
cartwright:NP
yeardley:NP
smith:NP
hank:NP
azaria:NP
shearer:NP
tress:NP
neille:NP
pamela:NP
hayden:NP
4,566,304:NN
simpsons:NP
simpsons
silverman:NP
dan:NP
castellaneta:NP
julie:NP
kavner:NP
nancy:NP
cartwright:NP
yeardley:NP
smith:NP
hank:NP
azaria:NP
shearer:NP
tress:NP
macneille:NP
pamela:NP
hayden:NP
brooks:NP
simpsons
vermont:NP
st:NP
–
gloucester:NP
–:NP
alaska-class:NP
cruiser:NN
kalix:NP
kalix:NP
pillage:VV
whitney:NP
whitney:NP
vocalist:NN
felisa:NP
vanoff:NP
felisa:NP
vanoff:NP
choreographer:NN
hasty:NP
pudding:NP
theatricals:NP
dancer:NN
opera:NP
melon:NN
melon:NN
investigate:VV
diabetes:NN
kravtchenko:NP
pianist:NN
kravtchenko:NP
busoni:NP
bruta:NP
bruta:NP
humberto:NP
mauro:NP
fuad:NP
masum:NP
iraqi:NP
séléka:NP
anti-balaka
algérie:NP
ouagadougou:NN
transasia:NP
airways:NP
joko:NP
widodo:NP
rory:NP
mcilroy:NP
ongoing:NN
gaza:NP
ebola:NP
outbreak:VV
recent deaths:NN
1509:NN
krishnadevaraya:NN
1882:NN
boer:NN
transvaal:NP
stellaland:NP
1936:NN
vimy:NP
vimy:NN
expeditionary:JJ
1990:NN
disabilities:NP
2009:NN
islamist:NN
boko:NP
haram:NP
–:JJ
–:IN
–:NN
white-throated:JJ
thrush:NN
white-throated:JJ
thrush:NN
monticola:NP
gularis:NN
khao:NP
yai:NP
thrushes
forested:JJ
shrublands
invertebrates
jj:NP
harrison:NP
tsarskoye:NP
selo:NP
lyceum:NP
–:NP
tinian:NP
–:NP
lauren:NP
mitchell:NP
español:NN
français:NN
???????:NN
deutschespañolfrançaisitalianonederlandspolski???????:NP
català:NN
?????:NN
???:NN
ål:NN
português:NN
?ng:NP
?t:VV
??????????:NN
??:NN
català????????norsk:NN
ålportuguêsti?ng:VV
?t????????????:NP
???????:NN
ceština:NN
???:NN
româna:NN
??????:NN
türkçe:NN
???????bahasa:NP
melayuceština???magyarromâna??????:NP
srpskisuomitürkçe:NN
?????????:NN
e???????:NN
?????:NN
latviešu:NN
lietuviu:NN
slovencina:NN
slovenšcina:NN
??????????????:NN
???:NN
?????????danskeestie???????english:JJ
esperantoeuskaragalego?????hrvatskilatviešulietuviunorsk:NP
nynorskslovencinaslovenšcinasrpskohrvatski:NN
?????????????????:NN
wikidata:NP
???????:NN
?????????:NN
català:NN
ceština:NN
e???????:NN
español:NN
?????:NN
français:NN
???:NN
?????:NN
???????:NN
latviešu:NN
lietuviu:NN
???:NN
ål:NN
português:NN
româna:NN
???????:NN
slovencina:NN
slovenšcina:NN
??????:NN
??????????????:VV
???:NN
?ng:NP
?t:VV
türkçe:NN
??????????:NN
??:NN
24
wikipedia®:NP
30
30
30
30
